<?xml version="1.0" encoding="UTF-8"?>
<!-- Generated by org.testng.reporters.JUnitXMLReporter -->
<testsuite ignored="0" hostname="codespaces-71bb67" failures="0" tests="7" name="Surefire test" time="7.112" errors="0" timestamp="2026-07-10T06:38:51 UTC">
  <testcase classname="com.assessment.tests.ApiTests" name="testCreateObject" time="0.542"/>
  <testcase classname="com.assessment.tests.ApiTests" name="testReadObject" time="0.088"/>
  <testcase classname="com.assessment.tests.ApiTests" name="testUpdateObject" time="0.097"/>
  <testcase classname="com.assessment.tests.ApiTests" name="testDeleteObject" time="0.097"/>
  <testcase classname="com.assessment.tests.ApiTests" name="testNegativeCaseGetDeletedObject" time="0.086"/>
  <testcase classname="com.assessment.tests.UiTests" name="testHappyPathLoginAndAddToCart" time="1.049"/>
  <testcase classname="com.assessment.tests.UiTests" name="testUnhappyPathLockedOutUser" time="0.373"/>
</testsuite> <!-- Surefire test -->
