<?xml version="1.0" encoding="UTF-8"?>
<testsuite xmlns:xsi="http://www.w3.org/2001/XMLSchema-instance" xsi:noNamespaceSchemaLocation="https://maven.apache.org/surefire/maven-surefire-plugin/xsd/surefire-test-report.xsd" version="3.0.2" name="TestSuite" time="8.055" tests="7" errors="0" skipped="0" failures="0">
  <properties>
[...]
</properties>
  <testcase name="testCreateObject" classname="com.assessment.tests.ApiTests" time="0.544">
    <system-err><![CDATA[SLF4J: Failed to load class "org.slf4j.impl.StaticLoggerBinder".
SLF4J: Defaulting to no-operation (NOP) logger implementation
SLF4J: See http://www.slf4j.org/codes.html#StaticLoggerBinder for further details.
]]></system-err>
  </testcase>
  <testcase name="testReadObject" classname="com.assessment.tests.ApiTests" time="0.089"/>
  <testcase name="testUpdateObject" classname="com.assessment.tests.ApiTests" time="0.097"/>
  <testcase name="testDeleteObject" classname="com.assessment.tests.ApiTests" time="0.099"/>
  <testcase name="testNegativeCaseGetDeletedObject" classname="com.assessment.tests.ApiTests" time="0.086"/>
  <testcase name="testHappyPathLoginAndAddToCart" classname="com.assessment.tests.UiTests" time="1.049">
    <system-err><![CDATA[Jul 10, 2026 6:38:49 AM org.openqa.selenium.devtools.CdpVersionFinder findNearestMatch
WARNING: Unable to find CDP implementation matching 150
Jul 10, 2026 6:38:49 AM org.openqa.selenium.chromium.ChromiumDriver lambda$new$5
WARNING: Unable to find version of CDP to use for 150.0.7871.114. You may need to include a dependency on a specific version of the CDP using something similar to `org.seleniumhq.selenium:selenium-devtools-v86:4.16.1` where the version ("v86") matches the version of the chromium-based browser you're using and the version number of the artifact is the same as Selenium's.
]]></system-err>
  </testcase>
  <testcase name="testUnhappyPathLockedOutUser" classname="com.assessment.tests.UiTests" time="0.374"/>
</testsuite>