<?xml version="1.0" encoding="UTF-8"?>
<!-- Generated by org.testng.reporters.JUnitReportReporter -->
<testsuite hostname="codespaces-71bb67" failures="0" tests="5" name="com.assessment.tests.ApiTests" time="0.910" errors="0" timestamp="2026-07-10T06:38:51 UTC" skipped="0">
  <testcase classname="com.assessment.tests.ApiTests" name="testCreateObject" time="0.542"/>
  <testcase classname="com.assessment.tests.ApiTests" name="testReadObject" time="0.088"/>
  <testcase classname="com.assessment.tests.ApiTests" name="testUpdateObject" time="0.097"/>
  <testcase classname="com.assessment.tests.ApiTests" name="testDeleteObject" time="0.097"/>
  <testcase classname="com.assessment.tests.ApiTests" name="testNegativeCaseGetDeletedObject" time="0.086"/>
</testsuite> <!-- com.assessment.tests.ApiTests -->
