<?xml version="1.0" encoding="UTF-8"?>
<!-- Generated by org.testng.reporters.JUnitReportReporter -->
<testsuite hostname="codespaces-71bb67" failures="0" tests="2" name="com.assessment.tests.UiTests" time="1.422" errors="0" timestamp="2026-07-10T06:38:51 UTC" skipped="0">
  <testcase classname="com.assessment.tests.UiTests" name="testHappyPathLoginAndAddToCart" time="1.049"/>
  <testcase classname="com.assessment.tests.UiTests" name="testUnhappyPathLockedOutUser" time="0.373"/>
</testsuite> <!-- com.assessment.tests.UiTests -->
